<?xml version="1.0" encoding="UTF-8" ?>
<testsuite tests="1" failures="0" name="cn.edu.hrbeu.AppTest" time="0.013" errors="0" skipped="0">
  <properties>
    <property name="java.runtime.name" value="Java(TM) SE Runtime Environment"/>
    <property name="sun.boot.library.path" value="C:\Software\Java\jdk1.8.0_65\jre\bin"/>
    <property name="java.vm.version" value="25.65-b01"/>
    <property name="java.vm.vendor" value="Oracle Corporation"/>
    <property name="maven.multiModuleProjectDirectory" value="E:\java_project\maven-01"/>
    <property name="java.vendor.url" value="http://java.oracle.com/"/>
    <property name="path.separator" value=";"/>
    <property name="guice.disable.misplaced.annotation.check" value="true"/>
    <property name="java.vm.name" value="Java HotSpot(TM) 64-Bit Server VM"/>
    <property name="file.encoding.pkg" value="sun.io"/>
    <property name="user.script" value=""/>
    <property name="user.country" value="CN"/>
    <property name="sun.java.launcher" value="SUN_STANDARD"/>
    <property name="sun.os.patch.level" value=""/>
    <property name="java.vm.specification.name" value="Java Virtual Machine Specification"/>
    <property name="user.dir" value="E:\java_project\maven-01"/>
    <property name="java.runtime.version" value="1.8.0_65-b17"/>
    <property name="java.awt.graphicsenv" value="sun.awt.Win32GraphicsEnvironment"/>
    <property name="java.endorsed.dirs" value="C:\Software\Java\jdk1.8.0_65\jre\lib\endorsed"/>
    <property name="os.arch" value="amd64"/>
    <property name="java.io.tmpdir" value="C:\Users\曹梦媛\AppData\Local\Temp\"/>
    <property name="line.separator" value="
"/>
    <property name="java.vm.specification.vendor" value="Oracle Corporation"/>
    <property name="user.variant" value=""/>
    <property name="os.name" value="Windows 10"/>
    <property name="classworlds.conf" value="D:\eclipse_workspce\.metadata\.plugins\org.eclipse.m2e.launching\launches\m2conf4094057019945936607.tmp"/>
    <property name="sun.jnu.encoding" value="GBK"/>
    <property name="java.library.path" value="C:\Software\Java\jdk1.8.0_65\bin;C:\WINDOWS\Sun\Java\bin;C:\WINDOWS\system32;C:\WINDOWS;C:/Program Files/Java/jre1.8.0_65/bin/server;C:/Program Files/Java/jre1.8.0_65/bin;C:/Program Files/Java/jre1.8.0_65/lib/amd64;C:\ProgramData\Oracle\Java\javapath;D:\myStudy\Anaconda2;D:\myStudy\Anaconda2\Library\mingw-w64\bin;D:\myStudy\Anaconda2\Library\usr\bin;D:\myStudy\Anaconda2\Library\bin;D:\myStudy\Anaconda2\Scripts;C:\Program Files (x86)\Lenovo\FusionEngine;C:\WINDOWS\system32;C:\WINDOWS;C:\WINDOWS\System32\Wbem;C:\WINDOWS\System32\WindowsPowerShell\v1.0\;C:\WINDOWS\System32\OpenSSH\;D:\Python27;E:\protoc-3.9.1-win64\bin\protoc.exe;C:\Software\Java\jdk1.8.0_65\bin;C:\Software\Java\jdk1.8.0_65\jre\bin;C:\Program Files\Git\cmd;C:\apache-tomcat-9.0.29\bin;D:\spark-idea\scala-2.11.8\bin;D:\spark-idea\apache-maven-3.6.3\bin;D:\spark-idea\spark-3.0.0-preview2-bin-hadoop2.7\bin;D:\myStudy\Anaconda2\envs\tensorflow\Lib\site-packages\django\bin;D:\neo4j\neo4j-community-3.2.14\bin;C:\Program Files (x86)\Windows Kits\8.1\Windows Performance Toolkit\;D:\MySQL\mysql-8.0.17-winx64\bin;D:\myStudy\python\Scripts\;D:\myStudy\python\;C:\Users\曹梦媛\AppData\Local\Programs\Python\Launcher\;C:\Users\曹梦媛\AppData\Local\Microsoft\WindowsApps;;D:\myStudy\PhpStorm 2019.2.1\bin;;D:\pycharm\PyCharm 2019.3\bin;;D:\eclipse;;."/>
    <property name="java.specification.name" value="Java Platform API Specification"/>
    <property name="java.class.version" value="52.0"/>
    <property name="sun.management.compiler" value="HotSpot 64-Bit Tiered Compilers"/>
    <property name="os.version" value="10.0"/>
    <property name="user.home" value="C:\Users\曹梦媛"/>
    <property name="user.timezone" value="Asia/Shanghai"/>
    <property name="java.awt.printerjob" value="sun.awt.windows.WPrinterJob"/>
    <property name="java.specification.version" value="1.8"/>
    <property name="file.encoding" value="GBK"/>
    <property name="user.name" value="曹梦媛"/>
    <property name="java.class.path" value="D:\spark-idea\apache-maven-3.6.3\boot\plexus-classworlds-2.6.0.jar"/>
    <property name="java.vm.specification.version" value="1.8"/>
    <property name="sun.arch.data.model" value="64"/>
    <property name="java.home" value="C:\Software\Java\jdk1.8.0_65\jre"/>
    <property name="sun.java.command" value="org.codehaus.plexus.classworlds.launcher.Launcher -B -gs D:\spark-idea\apache-maven-3.6.3\conf\settings.xml -s D:\spark-idea\apache-maven-3.6.3\conf\settings.xml install"/>
    <property name="java.specification.vendor" value="Oracle Corporation"/>
    <property name="user.language" value="zh"/>
    <property name="awt.toolkit" value="sun.awt.windows.WToolkit"/>
    <property name="java.vm.info" value="mixed mode"/>
    <property name="java.version" value="1.8.0_65"/>
    <property name="java.ext.dirs" value="C:\Software\Java\jdk1.8.0_65\jre\lib\ext;C:\WINDOWS\Sun\Java\lib\ext"/>
    <property name="sun.boot.class.path" value="C:\Software\Java\jdk1.8.0_65\jre\lib\resources.jar;C:\Software\Java\jdk1.8.0_65\jre\lib\rt.jar;C:\Software\Java\jdk1.8.0_65\jre\lib\sunrsasign.jar;C:\Software\Java\jdk1.8.0_65\jre\lib\jsse.jar;C:\Software\Java\jdk1.8.0_65\jre\lib\jce.jar;C:\Software\Java\jdk1.8.0_65\jre\lib\charsets.jar;C:\Software\Java\jdk1.8.0_65\jre\lib\jfr.jar;C:\Software\Java\jdk1.8.0_65\jre\classes"/>
    <property name="java.vendor" value="Oracle Corporation"/>
    <property name="maven.home" value="D:\spark-idea\apache-maven-3.6.3"/>
    <property name="file.separator" value="\"/>
    <property name="java.vendor.url.bug" value="http://bugreport.sun.com/bugreport/"/>
    <property name="sun.cpu.endian" value="little"/>
    <property name="sun.io.unicode.encoding" value="UnicodeLittle"/>
    <property name="sun.desktop" value="windows"/>
    <property name="sun.cpu.isalist" value="amd64"/>
  </properties>
  <testcase classname="cn.edu.hrbeu.AppTest" name="testApp" time="0.013"/>
</testsuite>